"is_built_lib_red-black-trees" "true"
"built_lib_red-black-trees" "/home/bruce/work/miscellaneous/trees/_build/red-black-trees.cma"
"built_lib_red-black-trees" "/home/bruce/work/miscellaneous/trees/_build/red-black-trees.cmxa"
"built_lib_red-black-trees" "/home/bruce/work/miscellaneous/trees/_build/red-black-trees.a"
"built_lib_red-black-trees" "/home/bruce/work/miscellaneous/trees/_build/red-black-trees.cmxs"
"built_lib_red-black-trees" "/home/bruce/work/miscellaneous/trees/_build/red_black.cmi"
"built_lib_red-black-trees" "/home/bruce/work/miscellaneous/trees/_build/red_black.cmt"
"built_lib_red-black-trees" "/home/bruce/work/miscellaneous/trees/_build/red_black.annot"
"built_lib_red-black-trees" "/home/bruce/work/miscellaneous/trees/_build/types.cmi"
"built_lib_red-black-trees" "/home/bruce/work/miscellaneous/trees/_build/types.cmt"
"built_lib_red-black-trees" "/home/bruce/work/miscellaneous/trees/_build/types.annot"
"built_lib_red-black-trees" "/home/bruce/work/miscellaneous/trees/_build/red_black.cmx"
"built_lib_red-black-trees" "/home/bruce/work/miscellaneous/trees/_build/types.cmx"
"is_built_lib_red-black-trees" "true"
"built_lib_red-black-trees" "/home/bruce/work/miscellaneous/trees/_build/red-black-trees.cma"
"built_lib_red-black-trees" "/home/bruce/work/miscellaneous/trees/_build/red-black-trees.cmxa"
"built_lib_red-black-trees" "/home/bruce/work/miscellaneous/trees/_build/red-black-trees.a"
"built_lib_red-black-trees" "/home/bruce/work/miscellaneous/trees/_build/red-black-trees.cmxs"
"built_lib_red-black-trees" "/home/bruce/work/miscellaneous/trees/_build/red_black.cmi"
"built_lib_red-black-trees" "/home/bruce/work/miscellaneous/trees/_build/red_black.cmt"
"built_lib_red-black-trees" "/home/bruce/work/miscellaneous/trees/_build/red_black.annot"
"built_lib_red-black-trees" "/home/bruce/work/miscellaneous/trees/_build/types.cmi"
"built_lib_red-black-trees" "/home/bruce/work/miscellaneous/trees/_build/types.cmt"
"built_lib_red-black-trees" "/home/bruce/work/miscellaneous/trees/_build/types.annot"
"built_lib_red-black-trees" "/home/bruce/work/miscellaneous/trees/_build/red_black.cmx"
"built_lib_red-black-trees" "/home/bruce/work/miscellaneous/trees/_build/types.cmx"
